# JRE version: Java(TM) SE Runtime Environment (7.0_51-b13) (build 1.7.0_51-b13)
# Java VM: Java HotSpot(TM) 64-Bit Server VM (24.51-b03 mixed mode windows-amd64 compressed oops)
Heap
 PSYoungGen      total 28672K, used 25081K [0x00000007aaf00000, 0x00000007ace00000, 0x0000000800000000)
  eden space 25600K, 92% used [0x00000007aaf00000,0x00000007ac61e9c8,0x00000007ac800000)
  from space 3072K, 45% used [0x00000007ac800000,0x00000007ac95fcc0,0x00000007acb00000)
  to   space 3072K, 0% used [0x00000007acb00000,0x00000007acb00000,0x00000007ace00000)
 ParOldGen       total 174080K, used 23055K [0x0000000700e00000, 0x000000070b800000, 0x00000007aaf00000)
  object space 174080K, 13% used [0x0000000700e00000,0x0000000702483df8,0x000000070b800000)
 PSPermGen       total 21504K, used 16742K [0x00000006fbc00000, 0x00000006fd100000, 0x0000000700e00000)
  object space 21504K, 77% used [0x00000006fbc00000,0x00000006fcc599f0,0x00000006fd100000)
GC Heap History (10 events):
Event: 1020.658 GC heap before
{Heap before GC invocations=307 (full 0):
 PSYoungGen      total 28160K, used 27447K [0x00000007aaf00000, 0x00000007acd80000, 0x0000000800000000)
  eden space 26112K, 100% used [0x00000007aaf00000,0x00000007ac880000,0x00000007ac880000)
  from space 2048K, 65% used [0x00000007acb80000,0x00000007acccdcc0,0x00000007acd80000)
  to   space 2560K, 0% used [0x00000007ac880000,0x00000007ac880000,0x00000007acb00000)
 ParOldGen       total 174080K, used 22935K [0x0000000700e00000, 0x000000070b800000, 0x00000007aaf00000)
  object space 174080K, 13% used [0x0000000700e00000,0x0000000702465dc8,0x000000070b800000)
 PSPermGen       total 21504K, used 16546K [0x00000006fbc00000, 0x00000006fd100000, 0x0000000700e00000)
  object space 21504K, 76% used [0x00000006fbc00000,0x00000006fcc289b0,0x00000006fd100000)
Event: 1020.661 GC heap after
Heap after GC invocations=307 (full 0):
 PSYoungGen      total 28672K, used 1388K [0x00000007aaf00000, 0x00000007acd80000, 0x0000000800000000)
  eden space 26112K, 0% used [0x00000007aaf00000,0x00000007aaf00000,0x00000007ac880000)
  from space 2560K, 54% used [0x00000007ac880000,0x00000007ac9db020,0x00000007acb00000)
  to   space 2560K, 0% used [0x00000007acb00000,0x00000007acb00000,0x00000007acd80000)
 ParOldGen       total 174080K, used 22959K [0x0000000700e00000, 0x000000070b800000, 0x00000007aaf00000)
  object space 174080K, 13% used [0x0000000700e00000,0x000000070246bdc8,0x000000070b800000)
 PSPermGen       total 21504K, used 16546K [0x00000006fbc00000, 0x00000006fd100000, 0x0000000700e00000)
  object space 21504K, 76% used [0x00000006fbc00000,0x00000006fcc289b0,0x00000006fd100000)
}
Event: 1023.124 GC heap before
{Heap before GC invocations=308 (full 0):
 PSYoungGen      total 28672K, used 27500K [0x00000007aaf00000, 0x00000007acd80000, 0x0000000800000000)
  eden space 26112K, 100% used [0x00000007aaf00000,0x00000007ac880000,0x00000007ac880000)
  from space 2560K, 54% used [0x00000007ac880000,0x00000007ac9db020,0x00000007acb00000)
  to   space 2560K, 0% used [0x00000007acb00000,0x00000007acb00000,0x00000007acd80000)
 ParOldGen       total 174080K, used 22959K [0x0000000700e00000, 0x000000070b800000, 0x00000007aaf00000)
  object space 174080K, 13% used [0x0000000700e00000,0x000000070246bdc8,0x000000070b800000)
 PSPermGen       total 21504K, used 16546K [0x00000006fbc00000, 0x00000006fd100000, 0x0000000700e00000)
  object space 21504K, 76% used [0x00000006fbc00000,0x00000006fcc289b0,0x00000006fd100000)
Event: 1023.131 GC heap after
Heap after GC invocations=308 (full 0):
 PSYoungGen      total 28160K, used 2324K [0x00000007aaf00000, 0x00000007ace80000, 0x0000000800000000)
  eden space 25600K, 0% used [0x00000007aaf00000,0x00000007aaf00000,0x00000007ac800000)
  from space 2560K, 90% used [0x00000007acb00000,0x00000007acd45030,0x00000007acd80000)
  to   space 3072K, 0% used [0x00000007ac800000,0x00000007ac800000,0x00000007acb00000)
 ParOldGen       total 174080K, used 22975K [0x0000000700e00000, 0x000000070b800000, 0x00000007aaf00000)
  object space 174080K, 13% used [0x0000000700e00000,0x000000070246fdc8,0x000000070b800000)
 PSPermGen       total 21504K, used 16546K [0x00000006fbc00000, 0x00000006fd100000, 0x0000000700e00000)
  object space 21504K, 76% used [0x00000006fbc00000,0x00000006fcc289b0,0x00000006fd100000)
}
Event: 1025.317 GC heap before
{Heap before GC invocations=309 (full 0):
 PSYoungGen      total 28160K, used 27924K [0x00000007aaf00000, 0x00000007ace80000, 0x0000000800000000)
  eden space 25600K, 100% used [0x00000007aaf00000,0x00000007ac800000,0x00000007ac800000)
  from space 2560K, 90% used [0x00000007acb00000,0x00000007acd45030,0x00000007acd80000)
  to   space 3072K, 0% used [0x00000007ac800000,0x00000007ac800000,0x00000007acb00000)
 ParOldGen       total 174080K, used 22975K [0x0000000700e00000, 0x000000070b800000, 0x00000007aaf00000)
  object space 174080K, 13% used [0x0000000700e00000,0x000000070246fdc8,0x000000070b800000)
 PSPermGen       total 21504K, used 16546K [0x00000006fbc00000, 0x00000006fd100000, 0x0000000700e00000)
  object space 21504K, 76% used [0x00000006fbc00000,0x00000006fcc289b0,0x00000006fd100000)
Event: 1025.321 GC heap after
Heap after GC invocations=309 (full 0):
 PSYoungGen      total 28672K, used 2276K [0x00000007aaf00000, 0x00000007ace00000, 0x0000000800000000)
  eden space 25600K, 0% used [0x00000007aaf00000,0x00000007aaf00000,0x00000007ac800000)
  from space 3072K, 74% used [0x00000007ac800000,0x00000007aca39020,0x00000007acb00000)
  to   space 3072K, 0% used [0x00000007acb00000,0x00000007acb00000,0x00000007ace00000)
 ParOldGen       total 174080K, used 23023K [0x0000000700e00000, 0x000000070b800000, 0x00000007aaf00000)
  object space 174080K, 13% used [0x0000000700e00000,0x000000070247bdf8,0x000000070b800000)
 PSPermGen       total 21504K, used 16546K [0x00000006fbc00000, 0x00000006fd100000, 0x0000000700e00000)
  object space 21504K, 76% used [0x00000006fbc00000,0x00000006fcc289b0,0x00000006fd100000)
}
Event: 1027.595 GC heap before
{Heap before GC invocations=310 (full 0):
 PSYoungGen      total 28672K, used 27876K [0x00000007aaf00000, 0x00000007ace00000, 0x0000000800000000)
  eden space 25600K, 100% used [0x00000007aaf00000,0x00000007ac800000,0x00000007ac800000)
  from space 3072K, 74% used [0x00000007ac800000,0x00000007aca39020,0x00000007acb00000)
  to   space 3072K, 0% used [0x00000007acb00000,0x00000007acb00000,0x00000007ace00000)
 ParOldGen       total 174080K, used 23023K [0x0000000700e00000, 0x000000070b800000, 0x00000007aaf00000)
  object space 174080K, 13% used [0x0000000700e00000,0x000000070247bdf8,0x000000070b800000)
 PSPermGen       total 21504K, used 16546K [0x00000006fbc00000, 0x00000006fd100000, 0x0000000700e00000)
  object space 21504K, 76% used [0x00000006fbc00000,0x00000006fcc289b0,0x00000006fd100000)
Event: 1027.597 GC heap after
Heap after GC invocations=310 (full 0):
 PSYoungGen      total 28672K, used 1335K [0x00000007aaf00000, 0x00000007ace00000, 0x0000000800000000)
  eden space 25600K, 0% used [0x00000007aaf00000,0x00000007aaf00000,0x00000007ac800000)
  from space 3072K, 43% used [0x00000007acb00000,0x00000007acc4dcc0,0x00000007ace00000)
  to   space 3072K, 0% used [0x00000007ac800000,0x00000007ac800000,0x00000007acb00000)
 ParOldGen       total 174080K, used 23047K [0x0000000700e00000, 0x000000070b800000, 0x00000007aaf00000)
  object space 174080K, 13% used [0x0000000700e00000,0x0000000702481df8,0x000000070b800000)
 PSPermGen       total 21504K, used 16546K [0x00000006fbc00000, 0x00000006fd100000, 0x0000000700e00000)
  object space 21504K, 76% used [0x00000006fbc00000,0x00000006fcc289b0,0x00000006fd100000)
}
Event: 1031.036 GC heap before
{Heap before GC invocations=311 (full 0):
 PSYoungGen      total 28672K, used 26935K [0x00000007aaf00000, 0x00000007ace00000, 0x0000000800000000)
  eden space 25600K, 100% used [0x00000007aaf00000,0x00000007ac800000,0x00000007ac800000)
  from space 3072K, 43% used [0x00000007acb00000,0x00000007acc4dcc0,0x00000007ace00000)
  to   space 3072K, 0% used [0x00000007ac800000,0x00000007ac800000,0x00000007acb00000)
 ParOldGen       total 174080K, used 23047K [0x0000000700e00000, 0x000000070b800000, 0x00000007aaf00000)
  object space 174080K, 13% used [0x0000000700e00000,0x0000000702481df8,0x000000070b800000)
 PSPermGen       total 21504K, used 16546K [0x00000006fbc00000, 0x00000006fd100000, 0x0000000700e00000)
  object space 21504K, 76% used [0x00000006fbc00000,0x00000006fcc289b0,0x00000006fd100000)
Event: 1031.040 GC heap after
Heap after GC invocations=311 (full 0):
 PSYoungGen      total 28672K, used 1407K [0x00000007aaf00000, 0x00000007ace00000, 0x0000000800000000)
  eden space 25600K, 0% used [0x00000007aaf00000,0x00000007aaf00000,0x00000007ac800000)
  from space 3072K, 45% used [0x00000007ac800000,0x00000007ac95fcc0,0x00000007acb00000)
  to   space 3072K, 0% used [0x00000007acb00000,0x00000007acb00000,0x00000007ace00000)
 ParOldGen       total 174080K, used 23055K [0x0000000700e00000, 0x000000070b800000, 0x00000007aaf00000)
  object space 174080K, 13% used [0x0000000700e00000,0x0000000702483df8,0x000000070b800000)
 PSPermGen       total 21504K, used 16546K [0x00000006fbc00000, 0x00000006fd100000, 0x0000000700e00000)
  object space 21504K, 76% used [0x00000006fbc00000,0x00000006fcc289b0,0x00000006fd100000)
}

